<?xml version="1.0" encoding="UTF-8"?>
<!-- Generated by org.testng.reporters.JUnitReportReporter -->
<testsuite hostname="Shruti-pc1" failures="0" tests="1" name="cars.suite.Bmw" time="7.163" errors="0" timestamp="2024-07-20T20:26:46 IST" skipped="0">
  <testcase classname="cars.suite.Bmw" name="bmw" time="7.163"/>
  <system-out>
    <![CDATA[bmw launched successfully]]>
  </system-out>
</testsuite> <!-- cars.suite.Bmw -->
