<?xml version="1.0" encoding="UTF-8"?>
<!-- Generated by org.testng.reporters.JUnitReportReporter -->
<testsuite hostname="Shruti-pc1" failures="0" tests="1" name="testng.LearningTestNG" time="30.200" errors="0" timestamp="2024-07-17T18:51:26 IST" skipped="0">
  <testcase classname="testng.LearningTestNG" name="sample" time="30.200"/>
  <system-out>
    <![CDATA[struti]]>
  </system-out>
</testsuite> <!-- testng.LearningTestNG -->
