<?xml version="1.0" encoding="UTF-8"?>
<!-- Generated by org.testng.reporters.JUnitReportReporter -->
<testsuite hostname="Shruti-pc1" failures="0" tests="1" name="assertions.ToLesrnHardAssert" time="7.695" errors="0" timestamp="2024-07-24T17:24:36 IST" skipped="0">
  <testcase classname="assertions.ToLesrnHardAssert" name="login" time="7.695"/>
  <system-out>
    <![CDATA[login page is displayed 
home page is displayed ]]>
  </system-out>
</testsuite> <!-- assertions.ToLesrnHardAssert -->
