<?xml version="1.0" encoding="UTF-8"?>
<!-- Generated by org.testng.reporters.JUnitReportReporter -->
<testsuite hostname="Shruti-pc1" failures="0" tests="1" name="cars.suite.Lamborgini" time="2.697" errors="0" timestamp="2024-07-20T20:26:46 IST" skipped="0">
  <testcase classname="cars.suite.Lamborgini" name="lamborgini" time="2.697"/>
  <system-out>
    <![CDATA[lamborgini launched successfully]]>
  </system-out>
</testsuite> <!-- cars.suite.Lamborgini -->
