<?xml version="1.0" encoding="UTF-8"?>
<!-- Generated by org.testng.reporters.JUnitReportReporter -->
<testsuite hostname="Shruti-pc1" failures="0" tests="4" name="dataprovider.AssignmentForDataProvider" time="23.589" errors="0" timestamp="2024-07-24T01:24:51 IST" skipped="0">
  <testcase classname="dataprovider.AssignmentForDataProvider" name="register" time="7.906"/>
  <system-out/>
  <testcase classname="dataprovider.AssignmentForDataProvider" name="register" time="4.833"/>
  <system-out/>
  <testcase classname="dataprovider.AssignmentForDataProvider" name="register" time="5.314"/>
  <system-out/>
  <testcase classname="dataprovider.AssignmentForDataProvider" name="register" time="5.536"/>
  <system-out/>
</testsuite> <!-- dataprovider.AssignmentForDataProvider -->
