<?xml version="1.0" encoding="UTF-8"?>
<!-- Generated by org.testng.reporters.JUnitReportReporter -->
<testsuite hostname="Shruti-pc1" failures="0" tests="1" name="bikes.Bullet" time="5.355" errors="0" timestamp="2024-07-20T10:58:59 IST" skipped="0">
  <testcase classname="bikes.Bullet" name="bullet" time="5.355"/>
  <system-out>
    <![CDATA[bullet purchesed ]]>
  </system-out>
</testsuite> <!-- bikes.Bullet -->
