<?xml version="1.0" encoding="UTF-8"?>
<!-- Generated by org.testng.reporters.JUnitReportReporter -->
<testsuite hostname="Shruti-pc1" failures="0" tests="1" name="bikes.Aprillia" time="6.257" errors="0" timestamp="2024-07-20T10:58:59 IST" skipped="0">
  <testcase classname="bikes.Aprillia" name="aprillia" time="6.257"/>
  <system-out>
    <![CDATA[aprillia bike purchased ]]>
  </system-out>
</testsuite> <!-- bikes.Aprillia -->
