<?xml version="1.0" encoding="UTF-8"?>
<!-- Generated by org.testng.reporters.JUnitReportReporter -->
<testsuite hostname="Shruti-pc1" failures="0" tests="1" name="testng.TestScriptForDemowebshopLoginAndClickONButton" time="3.981" errors="0" timestamp="2024-07-22T12:40:34 IST" skipped="0">
  <testcase classname="testng.TestScriptForDemowebshopLoginAndClickONButton" name="clickOnButton" time="3.981"/>
  <system-out/>
</testsuite> <!-- testng.TestScriptForDemowebshopLoginAndClickONButton -->
