<?xml version="1.0" encoding="UTF-8"?>
<!-- Generated by org.testng.reporters.JUnitReportReporter -->
<testsuite hostname="Shruti-pc1" failures="0" tests="1" name="bikes.HardlyDavison" time="12.869" errors="0" timestamp="2024-07-20T10:58:59 IST" skipped="0">
  <testcase classname="bikes.HardlyDavison" name="davison" time="12.869"/>
  <system-out>
    <![CDATA[davison bike purchesed ]]>
  </system-out>
</testsuite> <!-- bikes.HardlyDavison -->
