<?xml version="1.0" encoding="UTF-8"?>
<!-- Generated by org.testng.reporters.JUnitReportReporter -->
<testsuite hostname="Shruti-pc1" failures="0" tests="1" name="cars.suite.RollsRoyace" time="10.106" errors="0" timestamp="2024-07-19T12:39:14 IST" skipped="0">
  <testcase classname="cars.suite.RollsRoyace" name="rollsRoyace" time="10.106"/>
  <system-out>
    <![CDATA[rollsroyace launched successfully]]>
  </system-out>
</testsuite> <!-- cars.suite.RollsRoyace -->
