<?xml version="1.0" encoding="UTF-8"?>
<!-- Generated by org.testng.reporters.JUnitReportReporter -->
<testsuite hostname="Shruti-pc1" failures="0" tests="1" name="crossbrowsertesting.ToLearnCrossBrowsertesting" time="10.778" errors="0" timestamp="2024-07-24T12:25:59 IST" skipped="0">
  <testcase classname="crossbrowsertesting.ToLearnCrossBrowsertesting" name="launch" time="10.778"/>
  <system-out/>
</testsuite> <!-- crossbrowsertesting.ToLearnCrossBrowsertesting -->
