<?xml version="1.0" encoding="UTF-8"?>
<!-- Generated by org.testng.reporters.JUnitReportReporter -->
<testsuite hostname="Shruti-pc1" failures="0" tests="3" name="testng.AssignmentForDependsOn" time="0.021" errors="0" timestamp="2024-07-20T10:56:51 IST" skipped="0">
  <testcase classname="testng.AssignmentForDependsOn" name="editElement" time="0.001"/>
  <system-out>
    <![CDATA[editing the element]]>
  </system-out>
  <testcase classname="testng.AssignmentForDependsOn" name="deleteElement" time="0.002"/>
  <system-out>
    <![CDATA[deleting the element]]>
  </system-out>
  <testcase classname="testng.AssignmentForDependsOn" name="addElement" time="0.018"/>
  <system-out>
    <![CDATA[adding the element]]>
  </system-out>
</testsuite> <!-- testng.AssignmentForDependsOn -->
