<?xml version="1.0" encoding="UTF-8"?>
<!-- Generated by org.testng.reporters.JUnitReportReporter -->
<testsuite hostname="Shruti-pc1" failures="0" tests="3" name="dataprovider.ToLearnDataProvider" time="8.895" errors="0" timestamp="2024-07-23T11:42:29 IST" skipped="0">
  <testcase classname="dataprovider.ToLearnDataProvider" name="login" time="3.921"/>
  <system-out/>
  <testcase classname="dataprovider.ToLearnDataProvider" name="login" time="2.510"/>
  <system-out/>
  <testcase classname="dataprovider.ToLearnDataProvider" name="login" time="2.464"/>
  <system-out/>
</testsuite> <!-- dataprovider.ToLearnDataProvider -->
