<?xml version="1.0" encoding="UTF-8"?>
<!-- Generated by org.testng.reporters.JUnitReportReporter -->
<testsuite hostname="Shruti-pc1" failures="0" tests="1" name="bikes.KawasakiNinja" time="8.072" errors="0" timestamp="2024-07-20T10:58:59 IST" skipped="0">
  <testcase classname="bikes.KawasakiNinja" name="ninja" time="8.072"/>
  <system-out>
    <![CDATA[kawasaki ninja bikes purchased]]>
  </system-out>
</testsuite> <!-- bikes.KawasakiNinja -->
