<?xml version="1.0" encoding="UTF-8"?>
<!-- Generated by org.testng.reporters.JUnitReportReporter -->
<testsuite hostname="Shruti-pc1" failures="0" tests="2" name="testng.Demo" time="9.137" errors="0" timestamp="2024-07-17T12:24:14 IST" skipped="0">
  <testcase classname="testng.Demo" name="sample" time="4.491"/>
  <system-out>
    <![CDATA[welcome to advance selenium]]>
  </system-out>
  <testcase classname="testng.Demo" name="sample1" time="4.646"/>
  <system-out>
    <![CDATA[demo test case is executing ]]>
  </system-out>
</testsuite> <!-- testng.Demo -->
