<?xml version="1.0" encoding="UTF-8"?>
<!-- Generated by org.testng.reporters.JUnitReportReporter -->
<testsuite hostname="Shruti-pc1" failures="0" tests="2" name="testng.ConfigrationAnnotation" time="0.025" errors="0" timestamp="2024-07-22T12:07:08 IST" skipped="0">
  <testcase classname="testng.ConfigrationAnnotation" name="demo" time="0.019"/>
  <system-out>
    <![CDATA[@test(demo) executed]]>
  </system-out>
  <testcase classname="testng.ConfigrationAnnotation" name="sample" time="0.006"/>
  <system-out>
    <![CDATA[@sample]]>
  </system-out>
</testsuite> <!-- testng.ConfigrationAnnotation -->
