<?xml version="1.0" encoding="UTF-8"?>
<!-- Generated by org.testng.reporters.JUnitReportReporter -->
<testsuite hostname="Shruti-pc1" failures="0" tests="1" name="selectclass.dropdown.programs.Check" time="2.624" errors="0" timestamp="2024-07-17T11:45:08 IST" skipped="0">
  <testcase classname="selectclass.dropdown.programs.Check" name="sample" time="2.624"/>
  <system-out/>
</testsuite> <!-- selectclass.dropdown.programs.Check -->
