<?xml version="1.0" encoding="UTF-8"?>
<!-- Generated by org.testng.reporters.JUnitReportReporter -->
<testsuite hostname="Shruti-pc1" failures="0" tests="5" name="testng.AnnotationAttributesPriority" time="24.013" errors="0" timestamp="2024-07-19T11:39:25 IST" skipped="1">
  <testcase classname="testng.AnnotationAttributesPriority" name="login" time="5.987"/>
  <system-out>
    <![CDATA[user logged in succesfully]]>
  </system-out>
  <testcase classname="testng.AnnotationAttributesPriority" name="login" time="5.980"/>
  <system-out>
    <![CDATA[user logged in succesfully]]>
  </system-out>
  <testcase classname="testng.AnnotationAttributesPriority" name="login" time="5.900"/>
  <system-out>
    <![CDATA[user logged in succesfully]]>
  </system-out>
  <testcase classname="testng.AnnotationAttributesPriority" name="login" time="6.146"/>
  <system-out>
    <![CDATA[user logged in succesfully]]>
  </system-out>
  <testcase classname="testng.AnnotationAttributesPriority" name="register">
    <skipped/>
  </testcase> <!-- register -->
  <system-out/>
</testsuite> <!-- testng.AnnotationAttributesPriority -->
